<?xml version="1.0" encoding="UTF-8"?>
<!-- Generated by org.testng.reporters.JUnitReportReporter -->
<testsuite hostname="ATMECSINLT-083" failures="0" tests="3" name="com.atmecs.testscripts.SelectProducts" time="152.618" errors="0" timestamp="12 Nov 2019 06:32:38 GMT" skipped="0">
  <testcase classname="com.atmecs.testscripts.SelectProducts" name="selectingFirstProduct" time="44.888"/>
  <testcase classname="com.atmecs.testscripts.SelectProducts" name="selectingSecondProduct" time="74.536"/>
  <testcase classname="com.atmecs.testscripts.SelectProducts" name="testingNegativeCase" time="33.194"/>
</testsuite> <!-- com.atmecs.testscripts.SelectProducts -->
